2026-03-02 19:52:22,240 | INFO | SKIPPED | /Users/lampis/Documents/GitHub/Smart-File-Organizer/Test/Video/test.mp4 | reason=already_in_destination
2026-03-02 19:52:22,240 | INFO | SKIPPED | /Users/lampis/Documents/GitHub/Smart-File-Organizer/Test/Images/test.gif | reason=already_in_destination
2026-03-02 19:52:22,241 | INFO | SKIPPED | /Users/lampis/Documents/GitHub/Smart-File-Organizer/Test/Images/view.jpeg | reason=already_in_destination
2026-03-02 19:52:22,241 | INFO | SKIPPED | /Users/lampis/Documents/GitHub/Smart-File-Organizer/Test/Spreadsheets/test.csv | reason=already_in_destination
2026-03-02 19:52:22,241 | INFO | SKIPPED | /Users/lampis/Documents/GitHub/Smart-File-Organizer/Test/Other/.DS_Store (1) (1) | reason=already_in_destination
2026-03-02 19:52:22,241 | INFO | SKIPPED | /Users/lampis/Documents/GitHub/Smart-File-Organizer/Test/Other/.DS_Store (9) | reason=already_in_destination
2026-03-02 19:52:22,241 | INFO | SKIPPED | /Users/lampis/Documents/GitHub/Smart-File-Organizer/Test/Other/.DS_Store | reason=already_in_destination
2026-03-02 19:52:22,242 | INFO | SKIPPED | /Users/lampis/Documents/GitHub/Smart-File-Organizer/Test/Other/.DS_Store (3) | reason=already_in_destination
2026-03-02 19:52:22,242 | INFO | SKIPPED | /Users/lampis/Documents/GitHub/Smart-File-Organizer/Test/Other/smart_file_organizer.log | reason=already_in_destination
2026-03-02 19:52:22,242 | INFO | SKIPPED | /Users/lampis/Documents/GitHub/Smart-File-Organizer/Test/Other/.DS_Store (4) | reason=already_in_destination
2026-03-02 19:52:22,242 | INFO | SKIPPED | /Users/lampis/Documents/GitHub/Smart-File-Organizer/Test/Other/.DS_Store (7) | reason=already_in_destination
2026-03-02 19:52:22,242 | INFO | SKIPPED | /Users/lampis/Documents/GitHub/Smart-File-Organizer/Test/Other/.DS_Store (10) | reason=already_in_destination
2026-03-02 19:52:22,242 | INFO | SKIPPED | /Users/lampis/Documents/GitHub/Smart-File-Organizer/Test/Other/.DS_Store (6) | reason=already_in_destination
2026-03-02 19:52:22,243 | INFO | SKIPPED | /Users/lampis/Documents/GitHub/Smart-File-Organizer/Test/Other/.DS_Store (5) | reason=already_in_destination
2026-03-02 19:52:22,243 | INFO | SKIPPED | /Users/lampis/Documents/GitHub/Smart-File-Organizer/Test/Other/.DS_Store (1) | reason=already_in_destination
2026-03-02 19:52:22,243 | INFO | SKIPPED | /Users/lampis/Documents/GitHub/Smart-File-Organizer/Test/Other/.DS_Store (8) | reason=already_in_destination
2026-03-02 19:52:22,243 | INFO | SKIPPED | /Users/lampis/Documents/GitHub/Smart-File-Organizer/Test/Other/.DS_Store (2) | reason=already_in_destination
2026-03-02 19:52:22,243 | INFO | SKIPPED | /Users/lampis/Documents/GitHub/Smart-File-Organizer/Test/Audio/test.mp3 | reason=already_in_destination
2026-03-02 19:52:22,243 | INFO | SKIPPED | /Users/lampis/Documents/GitHub/Smart-File-Organizer/Test/Audio/test (1).mp3 | reason=already_in_destination
2026-03-02 19:52:22,243 | INFO | SKIPPED | /Users/lampis/Documents/GitHub/Smart-File-Organizer/Test/Presentations/test.ppt | reason=already_in_destination
2026-03-02 19:52:22,244 | INFO | SKIPPED | /Users/lampis/Documents/GitHub/Smart-File-Organizer/Test/Documents/test.docx | reason=already_in_destination
2026-03-02 19:52:22,244 | INFO | SKIPPED | /Users/lampis/Documents/GitHub/Smart-File-Organizer/Test/Documents/test.pdf | reason=already_in_destination
2026-03-02 19:52:22,244 | INFO | SKIPPED | /Users/lampis/Documents/GitHub/Smart-File-Organizer/Test/Documents/test.txt | reason=already_in_destination
2026-03-02 19:52:22,244 | INFO | SKIPPED | /Users/lampis/Documents/GitHub/Smart-File-Organizer/Test/Documents/test.rtf | reason=already_in_destination
2026-03-02 19:52:41,098 | INFO | SKIPPED | /Users/lampis/Documents/GitHub/Smart-File-Organizer/Test/Video/test.mp4 | reason=already_in_destination
2026-03-02 19:52:41,099 | INFO | SKIPPED | /Users/lampis/Documents/GitHub/Smart-File-Organizer/Test/Images/test.gif | reason=already_in_destination
2026-03-02 19:52:41,099 | INFO | SKIPPED | /Users/lampis/Documents/GitHub/Smart-File-Organizer/Test/Images/view.jpeg | reason=already_in_destination
2026-03-02 19:52:41,100 | INFO | SKIPPED | /Users/lampis/Documents/GitHub/Smart-File-Organizer/Test/Spreadsheets/test.csv | reason=already_in_destination
2026-03-02 19:52:41,100 | INFO | SKIPPED | /Users/lampis/Documents/GitHub/Smart-File-Organizer/Test/Other/.DS_Store (1) (1) | reason=already_in_destination
2026-03-02 19:52:41,100 | INFO | SKIPPED | /Users/lampis/Documents/GitHub/Smart-File-Organizer/Test/Other/.DS_Store (9) | reason=already_in_destination
2026-03-02 19:52:41,100 | INFO | SKIPPED | /Users/lampis/Documents/GitHub/Smart-File-Organizer/Test/Other/.DS_Store | reason=already_in_destination
2026-03-02 19:52:41,101 | INFO | SKIPPED | /Users/lampis/Documents/GitHub/Smart-File-Organizer/Test/Other/.DS_Store (3) | reason=already_in_destination
2026-03-02 19:52:41,101 | INFO | SKIPPED | /Users/lampis/Documents/GitHub/Smart-File-Organizer/Test/Other/smart_file_organizer.log | reason=already_in_destination
2026-03-02 19:52:41,101 | INFO | SKIPPED | /Users/lampis/Documents/GitHub/Smart-File-Organizer/Test/Other/.DS_Store (4) | reason=already_in_destination
2026-03-02 19:52:41,101 | INFO | SKIPPED | /Users/lampis/Documents/GitHub/Smart-File-Organizer/Test/Other/.DS_Store (7) | reason=already_in_destination
2026-03-02 19:52:41,101 | INFO | SKIPPED | /Users/lampis/Documents/GitHub/Smart-File-Organizer/Test/Other/.DS_Store (10) | reason=already_in_destination
2026-03-02 19:52:41,101 | INFO | SKIPPED | /Users/lampis/Documents/GitHub/Smart-File-Organizer/Test/Other/.DS_Store (6) | reason=already_in_destination
2026-03-02 19:52:41,101 | INFO | SKIPPED | /Users/lampis/Documents/GitHub/Smart-File-Organizer/Test/Other/.DS_Store (5) | reason=already_in_destination
2026-03-02 19:52:41,102 | INFO | SKIPPED | /Users/lampis/Documents/GitHub/Smart-File-Organizer/Test/Other/.DS_Store (1) | reason=already_in_destination
2026-03-02 19:52:41,102 | INFO | SKIPPED | /Users/lampis/Documents/GitHub/Smart-File-Organizer/Test/Other/.DS_Store (8) | reason=already_in_destination
2026-03-02 19:52:41,102 | INFO | SKIPPED | /Users/lampis/Documents/GitHub/Smart-File-Organizer/Test/Other/.DS_Store (2) | reason=already_in_destination
2026-03-02 19:52:41,102 | INFO | SKIPPED | /Users/lampis/Documents/GitHub/Smart-File-Organizer/Test/Audio/test.mp3 | reason=already_in_destination
2026-03-02 19:52:41,102 | INFO | SKIPPED | /Users/lampis/Documents/GitHub/Smart-File-Organizer/Test/Audio/test (1).mp3 | reason=already_in_destination
2026-03-02 19:52:41,103 | INFO | SKIPPED | /Users/lampis/Documents/GitHub/Smart-File-Organizer/Test/Presentations/test.ppt | reason=already_in_destination
2026-03-02 19:52:41,103 | INFO | SKIPPED | /Users/lampis/Documents/GitHub/Smart-File-Organizer/Test/Documents/test.docx | reason=already_in_destination
2026-03-02 19:52:41,103 | INFO | SKIPPED | /Users/lampis/Documents/GitHub/Smart-File-Organizer/Test/Documents/test.pdf | reason=already_in_destination
2026-03-02 19:52:41,103 | INFO | SKIPPED | /Users/lampis/Documents/GitHub/Smart-File-Organizer/Test/Documents/test.txt | reason=already_in_destination
2026-03-02 19:52:41,103 | INFO | SKIPPED | /Users/lampis/Documents/GitHub/Smart-File-Organizer/Test/Documents/test.rtf | reason=already_in_destination
2026-03-02 19:53:20,440 | INFO | SKIPPED | /Users/lampis/Documents/GitHub/Smart-File-Organizer/Test/Video/test.mp4 | reason=already_in_destination
2026-03-02 19:53:20,441 | INFO | SKIPPED | /Users/lampis/Documents/GitHub/Smart-File-Organizer/Test/Images/test.gif | reason=already_in_destination
2026-03-02 19:53:20,442 | INFO | SKIPPED | /Users/lampis/Documents/GitHub/Smart-File-Organizer/Test/Images/view.jpeg | reason=already_in_destination
2026-03-02 19:53:20,442 | INFO | SKIPPED | /Users/lampis/Documents/GitHub/Smart-File-Organizer/Test/Spreadsheets/test.csv | reason=already_in_destination
2026-03-02 19:53:20,442 | INFO | SKIPPED | /Users/lampis/Documents/GitHub/Smart-File-Organizer/Test/Other/.DS_Store (1) (1) | reason=already_in_destination
2026-03-02 19:53:20,442 | INFO | SKIPPED | /Users/lampis/Documents/GitHub/Smart-File-Organizer/Test/Other/.DS_Store (9) | reason=already_in_destination
2026-03-02 19:53:20,442 | INFO | SKIPPED | /Users/lampis/Documents/GitHub/Smart-File-Organizer/Test/Other/.DS_Store | reason=already_in_destination
2026-03-02 19:53:20,443 | INFO | SKIPPED | /Users/lampis/Documents/GitHub/Smart-File-Organizer/Test/Other/.DS_Store (3) | reason=already_in_destination
2026-03-02 19:53:20,443 | INFO | SKIPPED | /Users/lampis/Documents/GitHub/Smart-File-Organizer/Test/Other/.DS_Store (4) | reason=already_in_destination
2026-03-02 19:53:20,443 | INFO | SKIPPED | /Users/lampis/Documents/GitHub/Smart-File-Organizer/Test/Other/.DS_Store (7) | reason=already_in_destination
2026-03-02 19:53:20,443 | INFO | SKIPPED | /Users/lampis/Documents/GitHub/Smart-File-Organizer/Test/Other/.DS_Store (10) | reason=already_in_destination
2026-03-02 19:53:20,443 | INFO | SKIPPED | /Users/lampis/Documents/GitHub/Smart-File-Organizer/Test/Other/.DS_Store (6) | reason=already_in_destination
2026-03-02 19:53:20,443 | INFO | SKIPPED | /Users/lampis/Documents/GitHub/Smart-File-Organizer/Test/Other/.DS_Store (5) | reason=already_in_destination
2026-03-02 19:53:20,444 | INFO | SKIPPED | /Users/lampis/Documents/GitHub/Smart-File-Organizer/Test/Other/.DS_Store (1) | reason=already_in_destination
2026-03-02 19:53:20,444 | INFO | SKIPPED | /Users/lampis/Documents/GitHub/Smart-File-Organizer/Test/Other/.DS_Store (8) | reason=already_in_destination
2026-03-02 19:53:20,444 | INFO | SKIPPED | /Users/lampis/Documents/GitHub/Smart-File-Organizer/Test/Other/.DS_Store (2) | reason=already_in_destination
2026-03-02 19:53:20,444 | INFO | SKIPPED | /Users/lampis/Documents/GitHub/Smart-File-Organizer/Test/Audio/test.mp3 | reason=already_in_destination
2026-03-02 19:53:20,444 | INFO | SKIPPED | /Users/lampis/Documents/GitHub/Smart-File-Organizer/Test/Audio/test (1).mp3 | reason=already_in_destination
2026-03-02 19:53:20,444 | INFO | SKIPPED | /Users/lampis/Documents/GitHub/Smart-File-Organizer/Test/Presentations/test.ppt | reason=already_in_destination
2026-03-02 19:53:20,444 | INFO | SKIPPED | /Users/lampis/Documents/GitHub/Smart-File-Organizer/Test/Documents/test.docx | reason=already_in_destination
2026-03-02 19:53:20,445 | INFO | SKIPPED | /Users/lampis/Documents/GitHub/Smart-File-Organizer/Test/Documents/test.pdf | reason=already_in_destination
2026-03-02 19:53:20,445 | INFO | SKIPPED | /Users/lampis/Documents/GitHub/Smart-File-Organizer/Test/Documents/test.txt | reason=already_in_destination
2026-03-02 19:53:20,445 | INFO | SKIPPED | /Users/lampis/Documents/GitHub/Smart-File-Organizer/Test/Documents/test.rtf | reason=already_in_destination
2026-03-02 20:03:08,543 | INFO | SKIPPED | /Users/lampis/Documents/GitHub/Smart-File-Organizer/Test/Video/test.mp4 | reason=already_in_destination
2026-03-02 20:03:08,544 | INFO | SKIPPED | /Users/lampis/Documents/GitHub/Smart-File-Organizer/Test/Images/test.gif | reason=already_in_destination
2026-03-02 20:03:08,544 | INFO | SKIPPED | /Users/lampis/Documents/GitHub/Smart-File-Organizer/Test/Images/view.jpeg | reason=already_in_destination
2026-03-02 20:03:08,544 | INFO | SKIPPED | /Users/lampis/Documents/GitHub/Smart-File-Organizer/Test/Spreadsheets/test.csv | reason=already_in_destination
2026-03-02 20:03:08,544 | INFO | SKIPPED | /Users/lampis/Documents/GitHub/Smart-File-Organizer/Test/Other/.DS_Store (1) (1) | reason=already_in_destination
2026-03-02 20:03:08,544 | INFO | SKIPPED | /Users/lampis/Documents/GitHub/Smart-File-Organizer/Test/Other/.DS_Store (9) | reason=already_in_destination
2026-03-02 20:03:08,544 | INFO | SKIPPED | /Users/lampis/Documents/GitHub/Smart-File-Organizer/Test/Other/.DS_Store | reason=already_in_destination
2026-03-02 20:03:08,545 | INFO | SKIPPED | /Users/lampis/Documents/GitHub/Smart-File-Organizer/Test/Other/.DS_Store (3) | reason=already_in_destination
2026-03-02 20:03:08,545 | INFO | SKIPPED | /Users/lampis/Documents/GitHub/Smart-File-Organizer/Test/Other/.DS_Store (4) | reason=already_in_destination
2026-03-02 20:03:08,545 | INFO | SKIPPED | /Users/lampis/Documents/GitHub/Smart-File-Organizer/Test/Other/.DS_Store (7) | reason=already_in_destination
2026-03-02 20:03:08,545 | INFO | SKIPPED | /Users/lampis/Documents/GitHub/Smart-File-Organizer/Test/Other/.DS_Store (10) | reason=already_in_destination
2026-03-02 20:03:08,545 | INFO | SKIPPED | /Users/lampis/Documents/GitHub/Smart-File-Organizer/Test/Other/.DS_Store (6) | reason=already_in_destination
2026-03-02 20:03:08,545 | INFO | SKIPPED | /Users/lampis/Documents/GitHub/Smart-File-Organizer/Test/Other/.DS_Store (5) | reason=already_in_destination
2026-03-02 20:03:08,545 | INFO | SKIPPED | /Users/lampis/Documents/GitHub/Smart-File-Organizer/Test/Other/.DS_Store (1) | reason=already_in_destination
2026-03-02 20:03:08,545 | INFO | SKIPPED | /Users/lampis/Documents/GitHub/Smart-File-Organizer/Test/Other/.DS_Store (8) | reason=already_in_destination
2026-03-02 20:03:08,546 | INFO | SKIPPED | /Users/lampis/Documents/GitHub/Smart-File-Organizer/Test/Other/.DS_Store (2) | reason=already_in_destination
2026-03-02 20:03:08,546 | INFO | SKIPPED | /Users/lampis/Documents/GitHub/Smart-File-Organizer/Test/Audio/test.mp3 | reason=already_in_destination
2026-03-02 20:03:08,546 | INFO | SKIPPED | /Users/lampis/Documents/GitHub/Smart-File-Organizer/Test/Audio/test (1).mp3 | reason=already_in_destination
2026-03-02 20:03:08,546 | INFO | SKIPPED | /Users/lampis/Documents/GitHub/Smart-File-Organizer/Test/Presentations/test.ppt | reason=already_in_destination
2026-03-02 20:03:08,546 | INFO | SKIPPED | /Users/lampis/Documents/GitHub/Smart-File-Organizer/Test/Documents/test.docx | reason=already_in_destination
2026-03-02 20:03:08,546 | INFO | SKIPPED | /Users/lampis/Documents/GitHub/Smart-File-Organizer/Test/Documents/test.pdf | reason=already_in_destination
2026-03-02 20:03:08,546 | INFO | SKIPPED | /Users/lampis/Documents/GitHub/Smart-File-Organizer/Test/Documents/test.txt | reason=already_in_destination
2026-03-02 20:03:08,546 | INFO | SKIPPED | /Users/lampis/Documents/GitHub/Smart-File-Organizer/Test/Documents/test.rtf | reason=already_in_destination
2026-03-03 11:55:47,140 | INFO | SKIPPED | /Users/lampis/Documents/GitHub/Smart-File-Organizer/Test/Video/test.mp4 | reason=already_in_destination
2026-03-03 11:55:47,142 | INFO | SKIPPED | /Users/lampis/Documents/GitHub/Smart-File-Organizer/Test/Images/test.gif | reason=already_in_destination
2026-03-03 11:55:47,143 | INFO | SKIPPED | /Users/lampis/Documents/GitHub/Smart-File-Organizer/Test/Images/view.jpeg | reason=already_in_destination
2026-03-03 11:55:47,143 | INFO | SKIPPED | /Users/lampis/Documents/GitHub/Smart-File-Organizer/Test/Spreadsheets/test.csv | reason=already_in_destination
2026-03-03 11:55:47,143 | INFO | SKIPPED | /Users/lampis/Documents/GitHub/Smart-File-Organizer/Test/Other/.DS_Store (1) (1) | reason=unknown_extension_keep_in_root
2026-03-03 11:55:47,143 | INFO | SKIPPED | /Users/lampis/Documents/GitHub/Smart-File-Organizer/Test/Other/.DS_Store (9) | reason=unknown_extension_keep_in_root
2026-03-03 11:55:47,143 | INFO | SKIPPED | /Users/lampis/Documents/GitHub/Smart-File-Organizer/Test/Other/.DS_Store | reason=unknown_extension_keep_in_root
2026-03-03 11:55:47,143 | INFO | SKIPPED | /Users/lampis/Documents/GitHub/Smart-File-Organizer/Test/Other/.DS_Store (3) | reason=unknown_extension_keep_in_root
2026-03-03 11:55:47,143 | INFO | SKIPPED | /Users/lampis/Documents/GitHub/Smart-File-Organizer/Test/Other/.DS_Store (4) | reason=unknown_extension_keep_in_root
2026-03-03 11:55:47,143 | INFO | SKIPPED | /Users/lampis/Documents/GitHub/Smart-File-Organizer/Test/Other/.DS_Store (7) | reason=unknown_extension_keep_in_root
2026-03-03 11:55:47,143 | INFO | SKIPPED | /Users/lampis/Documents/GitHub/Smart-File-Organizer/Test/Other/.DS_Store (10) | reason=unknown_extension_keep_in_root
2026-03-03 11:55:47,143 | INFO | SKIPPED | /Users/lampis/Documents/GitHub/Smart-File-Organizer/Test/Other/.DS_Store (6) | reason=unknown_extension_keep_in_root
2026-03-03 11:55:47,143 | INFO | SKIPPED | /Users/lampis/Documents/GitHub/Smart-File-Organizer/Test/Other/.DS_Store (5) | reason=unknown_extension_keep_in_root
2026-03-03 11:55:47,143 | INFO | SKIPPED | /Users/lampis/Documents/GitHub/Smart-File-Organizer/Test/Other/.DS_Store (1) | reason=unknown_extension_keep_in_root
2026-03-03 11:55:47,144 | INFO | SKIPPED | /Users/lampis/Documents/GitHub/Smart-File-Organizer/Test/Other/.DS_Store (8) | reason=unknown_extension_keep_in_root
2026-03-03 11:55:47,144 | INFO | SKIPPED | /Users/lampis/Documents/GitHub/Smart-File-Organizer/Test/Other/.DS_Store (2) | reason=unknown_extension_keep_in_root
2026-03-03 11:55:47,144 | INFO | SKIPPED | /Users/lampis/Documents/GitHub/Smart-File-Organizer/Test/Audio/test.mp3 | reason=already_in_destination
2026-03-03 11:55:47,144 | INFO | SKIPPED | /Users/lampis/Documents/GitHub/Smart-File-Organizer/Test/Audio/test (1).mp3 | reason=already_in_destination
2026-03-03 11:55:47,144 | INFO | SKIPPED | /Users/lampis/Documents/GitHub/Smart-File-Organizer/Test/Presentations/test.ppt | reason=already_in_destination
2026-03-03 11:55:47,144 | INFO | SKIPPED | /Users/lampis/Documents/GitHub/Smart-File-Organizer/Test/Documents/test.docx | reason=already_in_destination
2026-03-03 11:55:47,144 | INFO | SKIPPED | /Users/lampis/Documents/GitHub/Smart-File-Organizer/Test/Documents/test.pdf | reason=already_in_destination
2026-03-03 11:55:47,144 | INFO | SKIPPED | /Users/lampis/Documents/GitHub/Smart-File-Organizer/Test/Documents/test.txt | reason=already_in_destination
2026-03-03 11:55:47,145 | INFO | SKIPPED | /Users/lampis/Documents/GitHub/Smart-File-Organizer/Test/Documents/test.rtf | reason=already_in_destination
2026-03-03 12:00:18,225 | INFO | MOVED | /Users/lampis/Documents/GitHub/Smart-File-Organizer/Test/test.gif -> /Users/lampis/Documents/GitHub/Smart-File-Organizer/Test/Images/test.gif
2026-03-03 12:00:18,228 | INFO | MOVED | /Users/lampis/Documents/GitHub/Smart-File-Organizer/Test/test.docx -> /Users/lampis/Documents/GitHub/Smart-File-Organizer/Test/Documents/test.docx
2026-03-03 12:00:18,229 | INFO | MOVED | /Users/lampis/Documents/GitHub/Smart-File-Organizer/Test/view.jpeg -> /Users/lampis/Documents/GitHub/Smart-File-Organizer/Test/Images/view.jpeg
2026-03-03 12:00:18,230 | INFO | SKIPPED | /Users/lampis/Documents/GitHub/Smart-File-Organizer/Test/.DS_Store | reason=unknown_extension_keep_in_root
2026-03-03 12:00:18,231 | INFO | MOVED | /Users/lampis/Documents/GitHub/Smart-File-Organizer/Test/test.mp3 -> /Users/lampis/Documents/GitHub/Smart-File-Organizer/Test/Audio/test.mp3
2026-03-03 12:00:18,231 | INFO | MOVED | /Users/lampis/Documents/GitHub/Smart-File-Organizer/Test/test.pdf -> /Users/lampis/Documents/GitHub/Smart-File-Organizer/Test/Documents/test.pdf
2026-03-03 12:00:18,232 | INFO | MOVED | /Users/lampis/Documents/GitHub/Smart-File-Organizer/Test/test (1).mp3 -> /Users/lampis/Documents/GitHub/Smart-File-Organizer/Test/Audio/test (1).mp3
2026-03-03 12:00:18,233 | INFO | MOVED | /Users/lampis/Documents/GitHub/Smart-File-Organizer/Test/test.txt -> /Users/lampis/Documents/GitHub/Smart-File-Organizer/Test/Documents/test.txt
2026-03-03 12:00:18,235 | INFO | MOVED | /Users/lampis/Documents/GitHub/Smart-File-Organizer/Test/test.rtf -> /Users/lampis/Documents/GitHub/Smart-File-Organizer/Test/Documents/test.rtf
2026-03-03 12:00:18,236 | INFO | SKIPPED | /Users/lampis/Documents/GitHub/Smart-File-Organizer/Test/Video/test.mp4 | reason=already_in_destination
2026-03-03 12:00:18,237 | INFO | SKIPPED | /Users/lampis/Documents/GitHub/Smart-File-Organizer/Test/Spreadsheets/test.csv | reason=already_in_destination
2026-03-03 12:00:18,237 | INFO | SKIPPED | /Users/lampis/Documents/GitHub/Smart-File-Organizer/Test/Other/.DS_Store (1) (1) | reason=unknown_extension_keep_in_root
2026-03-03 12:00:18,237 | INFO | SKIPPED | /Users/lampis/Documents/GitHub/Smart-File-Organizer/Test/Other/.DS_Store (9) | reason=unknown_extension_keep_in_root
2026-03-03 12:00:18,237 | INFO | SKIPPED | /Users/lampis/Documents/GitHub/Smart-File-Organizer/Test/Other/.DS_Store | reason=unknown_extension_keep_in_root
2026-03-03 12:00:18,237 | INFO | SKIPPED | /Users/lampis/Documents/GitHub/Smart-File-Organizer/Test/Other/.DS_Store (3) | reason=unknown_extension_keep_in_root
2026-03-03 12:00:18,237 | INFO | SKIPPED | /Users/lampis/Documents/GitHub/Smart-File-Organizer/Test/Other/.DS_Store (4) | reason=unknown_extension_keep_in_root
2026-03-03 12:00:18,237 | INFO | SKIPPED | /Users/lampis/Documents/GitHub/Smart-File-Organizer/Test/Other/.DS_Store (7) | reason=unknown_extension_keep_in_root
2026-03-03 12:00:18,237 | INFO | SKIPPED | /Users/lampis/Documents/GitHub/Smart-File-Organizer/Test/Other/.DS_Store (10) | reason=unknown_extension_keep_in_root
2026-03-03 12:00:18,237 | INFO | SKIPPED | /Users/lampis/Documents/GitHub/Smart-File-Organizer/Test/Other/.DS_Store (6) | reason=unknown_extension_keep_in_root
2026-03-03 12:00:18,237 | INFO | SKIPPED | /Users/lampis/Documents/GitHub/Smart-File-Organizer/Test/Other/.DS_Store (5) | reason=unknown_extension_keep_in_root
2026-03-03 12:00:18,237 | INFO | SKIPPED | /Users/lampis/Documents/GitHub/Smart-File-Organizer/Test/Other/.DS_Store (1) | reason=unknown_extension_keep_in_root
2026-03-03 12:00:18,237 | INFO | SKIPPED | /Users/lampis/Documents/GitHub/Smart-File-Organizer/Test/Other/.DS_Store (8) | reason=unknown_extension_keep_in_root
2026-03-03 12:00:18,237 | INFO | SKIPPED | /Users/lampis/Documents/GitHub/Smart-File-Organizer/Test/Other/.DS_Store (2) | reason=unknown_extension_keep_in_root
2026-03-03 12:00:18,238 | INFO | SKIPPED | /Users/lampis/Documents/GitHub/Smart-File-Organizer/Test/Presentations/test.ppt | reason=already_in_destination
2026-03-03 12:00:28,072 | INFO | MOVED | /Users/lampis/Documents/GitHub/Smart-File-Organizer/Test/Documents/test.rtf -> /Users/lampis/Documents/GitHub/Smart-File-Organizer/Test/test.rtf
2026-03-03 12:00:41,434 | INFO | MOVED | /Users/lampis/Documents/GitHub/Smart-File-Organizer/Test/Documents/test.txt -> /Users/lampis/Documents/GitHub/Smart-File-Organizer/Test/test.txt
2026-03-03 12:00:44,609 | INFO | MOVED | /Users/lampis/Documents/GitHub/Smart-File-Organizer/Test/Audio/test (1).mp3 -> /Users/lampis/Documents/GitHub/Smart-File-Organizer/Test/test (1).mp3
2026-03-03 12:00:59,723 | INFO | MOVED | /Users/lampis/Documents/GitHub/Smart-File-Organizer/Test/Documents/test.pdf -> /Users/lampis/Documents/GitHub/Smart-File-Organizer/Test/test.pdf
2026-03-03 12:01:00,242 | INFO | MOVED | /Users/lampis/Documents/GitHub/Smart-File-Organizer/Test/Audio/test.mp3 -> /Users/lampis/Documents/GitHub/Smart-File-Organizer/Test/test.mp3
2026-03-03 12:01:00,676 | INFO | MOVED | /Users/lampis/Documents/GitHub/Smart-File-Organizer/Test/Images/view.jpeg -> /Users/lampis/Documents/GitHub/Smart-File-Organizer/Test/view.jpeg
2026-03-03 12:01:01,350 | INFO | MOVED | /Users/lampis/Documents/GitHub/Smart-File-Organizer/Test/Documents/test.docx -> /Users/lampis/Documents/GitHub/Smart-File-Organizer/Test/test.docx
2026-03-03 12:01:01,751 | INFO | MOVED | /Users/lampis/Documents/GitHub/Smart-File-Organizer/Test/Images/test.gif -> /Users/lampis/Documents/GitHub/Smart-File-Organizer/Test/test.gif
2026-03-03 12:04:15,330 | INFO | MOVED | /Users/lampis/Documents/GitHub/Smart-File-Organizer/Test/test.gif -> /Users/lampis/Documents/GitHub/Smart-File-Organizer/Test/Images/test.gif
2026-03-03 12:04:15,335 | INFO | MOVED | /Users/lampis/Documents/GitHub/Smart-File-Organizer/Test/test.docx -> /Users/lampis/Documents/GitHub/Smart-File-Organizer/Test/Documents/test.docx
2026-03-03 12:04:15,336 | INFO | MOVED | /Users/lampis/Documents/GitHub/Smart-File-Organizer/Test/view.jpeg -> /Users/lampis/Documents/GitHub/Smart-File-Organizer/Test/Images/view.jpeg
2026-03-03 12:04:15,336 | INFO | SKIPPED | /Users/lampis/Documents/GitHub/Smart-File-Organizer/Test/.DS_Store | reason=unknown_extension_keep_in_root
2026-03-03 12:04:15,337 | INFO | MOVED | /Users/lampis/Documents/GitHub/Smart-File-Organizer/Test/test.mp3 -> /Users/lampis/Documents/GitHub/Smart-File-Organizer/Test/Audio/test.mp3
2026-03-03 12:04:15,338 | INFO | MOVED | /Users/lampis/Documents/GitHub/Smart-File-Organizer/Test/test.pdf -> /Users/lampis/Documents/GitHub/Smart-File-Organizer/Test/Documents/test.pdf
2026-03-03 12:04:15,339 | INFO | MOVED | /Users/lampis/Documents/GitHub/Smart-File-Organizer/Test/test (1).mp3 -> /Users/lampis/Documents/GitHub/Smart-File-Organizer/Test/Audio/test (1).mp3
2026-03-03 12:04:15,340 | INFO | MOVED | /Users/lampis/Documents/GitHub/Smart-File-Organizer/Test/test.txt -> /Users/lampis/Documents/GitHub/Smart-File-Organizer/Test/Documents/test.txt
2026-03-03 12:04:15,341 | INFO | MOVED | /Users/lampis/Documents/GitHub/Smart-File-Organizer/Test/test.rtf -> /Users/lampis/Documents/GitHub/Smart-File-Organizer/Test/Documents/test.rtf
2026-03-03 12:04:15,342 | INFO | SKIPPED | /Users/lampis/Documents/GitHub/Smart-File-Organizer/Test/Video/test.mp4 | reason=already_in_destination
2026-03-03 12:04:15,342 | INFO | SKIPPED | /Users/lampis/Documents/GitHub/Smart-File-Organizer/Test/Spreadsheets/test.csv | reason=already_in_destination
2026-03-03 12:04:15,342 | INFO | SKIPPED | /Users/lampis/Documents/GitHub/Smart-File-Organizer/Test/Other/.DS_Store (1) (1) | reason=unknown_extension_keep_in_root
2026-03-03 12:04:15,342 | INFO | SKIPPED | /Users/lampis/Documents/GitHub/Smart-File-Organizer/Test/Other/.DS_Store (9) | reason=unknown_extension_keep_in_root
2026-03-03 12:04:15,342 | INFO | SKIPPED | /Users/lampis/Documents/GitHub/Smart-File-Organizer/Test/Other/.DS_Store | reason=unknown_extension_keep_in_root
2026-03-03 12:04:15,342 | INFO | SKIPPED | /Users/lampis/Documents/GitHub/Smart-File-Organizer/Test/Other/.DS_Store (3) | reason=unknown_extension_keep_in_root
2026-03-03 12:04:15,342 | INFO | SKIPPED | /Users/lampis/Documents/GitHub/Smart-File-Organizer/Test/Other/.DS_Store (4) | reason=unknown_extension_keep_in_root
2026-03-03 12:04:15,342 | INFO | SKIPPED | /Users/lampis/Documents/GitHub/Smart-File-Organizer/Test/Other/.DS_Store (7) | reason=unknown_extension_keep_in_root
2026-03-03 12:04:15,342 | INFO | SKIPPED | /Users/lampis/Documents/GitHub/Smart-File-Organizer/Test/Other/.DS_Store (10) | reason=unknown_extension_keep_in_root
2026-03-03 12:04:15,342 | INFO | SKIPPED | /Users/lampis/Documents/GitHub/Smart-File-Organizer/Test/Other/.DS_Store (6) | reason=unknown_extension_keep_in_root
2026-03-03 12:04:15,342 | INFO | SKIPPED | /Users/lampis/Documents/GitHub/Smart-File-Organizer/Test/Other/.DS_Store (5) | reason=unknown_extension_keep_in_root
2026-03-03 12:04:15,342 | INFO | SKIPPED | /Users/lampis/Documents/GitHub/Smart-File-Organizer/Test/Other/.DS_Store (1) | reason=unknown_extension_keep_in_root
2026-03-03 12:04:15,342 | INFO | SKIPPED | /Users/lampis/Documents/GitHub/Smart-File-Organizer/Test/Other/.DS_Store (8) | reason=unknown_extension_keep_in_root
2026-03-03 12:04:15,342 | INFO | SKIPPED | /Users/lampis/Documents/GitHub/Smart-File-Organizer/Test/Other/.DS_Store (2) | reason=unknown_extension_keep_in_root
2026-03-03 12:04:15,343 | INFO | SKIPPED | /Users/lampis/Documents/GitHub/Smart-File-Organizer/Test/Presentations/test.ppt | reason=already_in_destination
2026-03-03 12:04:28,308 | INFO | MOVED | /Users/lampis/Documents/GitHub/Smart-File-Organizer/Test/Documents/test.rtf -> /Users/lampis/Documents/GitHub/Smart-File-Organizer/Test/test.rtf
2026-03-03 12:04:30,090 | INFO | MOVED | /Users/lampis/Documents/GitHub/Smart-File-Organizer/Test/Documents/test.txt -> /Users/lampis/Documents/GitHub/Smart-File-Organizer/Test/test.txt
2026-03-03 12:04:33,682 | INFO | MOVED | /Users/lampis/Documents/GitHub/Smart-File-Organizer/Test/Audio/test (1).mp3 -> /Users/lampis/Documents/GitHub/Smart-File-Organizer/Test/test (1).mp3
2026-03-03 12:04:33,683 | INFO | MOVED | /Users/lampis/Documents/GitHub/Smart-File-Organizer/Test/Documents/test.pdf -> /Users/lampis/Documents/GitHub/Smart-File-Organizer/Test/test.pdf
2026-03-03 12:04:33,684 | INFO | MOVED | /Users/lampis/Documents/GitHub/Smart-File-Organizer/Test/Audio/test.mp3 -> /Users/lampis/Documents/GitHub/Smart-File-Organizer/Test/test.mp3
2026-03-03 12:04:33,685 | INFO | MOVED | /Users/lampis/Documents/GitHub/Smart-File-Organizer/Test/Images/view.jpeg -> /Users/lampis/Documents/GitHub/Smart-File-Organizer/Test/view.jpeg
2026-03-03 12:04:33,686 | INFO | MOVED | /Users/lampis/Documents/GitHub/Smart-File-Organizer/Test/Documents/test.docx -> /Users/lampis/Documents/GitHub/Smart-File-Organizer/Test/test.docx
2026-03-03 12:04:33,688 | INFO | MOVED | /Users/lampis/Documents/GitHub/Smart-File-Organizer/Test/Images/test.gif -> /Users/lampis/Documents/GitHub/Smart-File-Organizer/Test/test.gif
2026-03-03 12:20:57,094 | INFO | MOVED | /Users/lampis/Documents/GitHub/Smart-File-Organizer/Test/test.gif -> /Users/lampis/Documents/GitHub/Smart-File-Organizer/Test/Images/test.gif
2026-03-03 12:20:57,102 | INFO | MOVED | /Users/lampis/Documents/GitHub/Smart-File-Organizer/Test/test.docx -> /Users/lampis/Documents/GitHub/Smart-File-Organizer/Test/Documents/test.docx
2026-03-03 12:20:57,103 | INFO | MOVED | /Users/lampis/Documents/GitHub/Smart-File-Organizer/Test/view.jpeg -> /Users/lampis/Documents/GitHub/Smart-File-Organizer/Test/Images/view.jpeg
2026-03-03 12:20:57,103 | INFO | MOVED | /Users/lampis/Documents/GitHub/Smart-File-Organizer/Test/.DS_Store -> /Users/lampis/Documents/GitHub/Smart-File-Organizer/Test/Other/.DS_Store (11)
2026-03-03 12:20:57,104 | INFO | MOVED | /Users/lampis/Documents/GitHub/Smart-File-Organizer/Test/test.mp3 -> /Users/lampis/Documents/GitHub/Smart-File-Organizer/Test/Audio/test.mp3
2026-03-03 12:20:57,105 | INFO | MOVED | /Users/lampis/Documents/GitHub/Smart-File-Organizer/Test/test.pdf -> /Users/lampis/Documents/GitHub/Smart-File-Organizer/Test/Documents/test.pdf
2026-03-03 12:20:57,107 | INFO | MOVED | /Users/lampis/Documents/GitHub/Smart-File-Organizer/Test/test (1).mp3 -> /Users/lampis/Documents/GitHub/Smart-File-Organizer/Test/Audio/test (1).mp3
2026-03-03 12:20:57,107 | INFO | MOVED | /Users/lampis/Documents/GitHub/Smart-File-Organizer/Test/test.txt -> /Users/lampis/Documents/GitHub/Smart-File-Organizer/Test/Documents/test.txt
2026-03-03 12:20:57,108 | INFO | MOVED | /Users/lampis/Documents/GitHub/Smart-File-Organizer/Test/test.rtf -> /Users/lampis/Documents/GitHub/Smart-File-Organizer/Test/Documents/test.rtf
2026-03-03 12:21:07,209 | INFO | MOVED | /Users/lampis/Documents/GitHub/Smart-File-Organizer/Test/Documents/test.rtf -> /Users/lampis/Documents/GitHub/Smart-File-Organizer/Test/test.rtf
2026-03-03 12:21:09,653 | INFO | MOVED | /Users/lampis/Documents/GitHub/Smart-File-Organizer/Test/Documents/test.txt -> /Users/lampis/Documents/GitHub/Smart-File-Organizer/Test/test.txt
2026-03-03 12:21:12,555 | INFO | MOVED | /Users/lampis/Documents/GitHub/Smart-File-Organizer/Test/Audio/test (1).mp3 -> /Users/lampis/Documents/GitHub/Smart-File-Organizer/Test/test (1).mp3
2026-03-03 12:21:12,559 | INFO | MOVED | /Users/lampis/Documents/GitHub/Smart-File-Organizer/Test/Documents/test.pdf -> /Users/lampis/Documents/GitHub/Smart-File-Organizer/Test/test.pdf
2026-03-03 12:21:12,560 | INFO | MOVED | /Users/lampis/Documents/GitHub/Smart-File-Organizer/Test/Audio/test.mp3 -> /Users/lampis/Documents/GitHub/Smart-File-Organizer/Test/test.mp3
2026-03-03 12:21:12,561 | INFO | MOVED | /Users/lampis/Documents/GitHub/Smart-File-Organizer/Test/Other/.DS_Store (11) -> /Users/lampis/Documents/GitHub/Smart-File-Organizer/Test/.DS_Store (1)
2026-03-03 12:21:12,562 | INFO | MOVED | /Users/lampis/Documents/GitHub/Smart-File-Organizer/Test/Images/view.jpeg -> /Users/lampis/Documents/GitHub/Smart-File-Organizer/Test/view.jpeg
2026-03-03 12:21:12,562 | INFO | MOVED | /Users/lampis/Documents/GitHub/Smart-File-Organizer/Test/Documents/test.docx -> /Users/lampis/Documents/GitHub/Smart-File-Organizer/Test/test.docx
2026-03-03 12:21:12,562 | INFO | MOVED | /Users/lampis/Documents/GitHub/Smart-File-Organizer/Test/Images/test.gif -> /Users/lampis/Documents/GitHub/Smart-File-Organizer/Test/test.gif
2026-03-03 12:28:01,859 | INFO | MOVED | /Users/lampis/Documents/GitHub/Smart-File-Organizer/Test/test.gif -> /Users/lampis/Documents/GitHub/Smart-File-Organizer/Test/Images/test.gif
2026-03-03 12:28:01,866 | INFO | MOVED | /Users/lampis/Documents/GitHub/Smart-File-Organizer/Test/test.docx -> /Users/lampis/Documents/GitHub/Smart-File-Organizer/Test/Documents/test.docx
2026-03-03 12:28:01,867 | INFO | MOVED | /Users/lampis/Documents/GitHub/Smart-File-Organizer/Test/view.jpeg -> /Users/lampis/Documents/GitHub/Smart-File-Organizer/Test/Images/view.jpeg
2026-03-03 12:28:01,868 | INFO | MOVED | /Users/lampis/Documents/GitHub/Smart-File-Organizer/Test/.DS_Store -> /Users/lampis/Documents/GitHub/Smart-File-Organizer/Test/Other/.DS_Store (11)
2026-03-03 12:28:01,869 | INFO | MOVED | /Users/lampis/Documents/GitHub/Smart-File-Organizer/Test/test.mp3 -> /Users/lampis/Documents/GitHub/Smart-File-Organizer/Test/Audio/test.mp3
2026-03-03 12:28:01,869 | INFO | MOVED | /Users/lampis/Documents/GitHub/Smart-File-Organizer/Test/test.pdf -> /Users/lampis/Documents/GitHub/Smart-File-Organizer/Test/Documents/test.pdf
2026-03-03 12:28:01,870 | INFO | MOVED | /Users/lampis/Documents/GitHub/Smart-File-Organizer/Test/test (1).mp3 -> /Users/lampis/Documents/GitHub/Smart-File-Organizer/Test/Audio/test (1).mp3
2026-03-03 12:28:01,871 | INFO | MOVED | /Users/lampis/Documents/GitHub/Smart-File-Organizer/Test/test.txt -> /Users/lampis/Documents/GitHub/Smart-File-Organizer/Test/Documents/test.txt
2026-03-03 12:28:01,871 | INFO | MOVED | /Users/lampis/Documents/GitHub/Smart-File-Organizer/Test/test.rtf -> /Users/lampis/Documents/GitHub/Smart-File-Organizer/Test/Documents/test.rtf
2026-03-03 12:28:01,872 | INFO | MOVED | /Users/lampis/Documents/GitHub/Smart-File-Organizer/Test/.DS_Store (1) -> /Users/lampis/Documents/GitHub/Smart-File-Organizer/Test/Other/.DS_Store (1) (2)
2026-03-03 12:28:11,338 | INFO | MOVED | /Users/lampis/Documents/GitHub/Smart-File-Organizer/Test/Other/.DS_Store (1) (2) -> /Users/lampis/Documents/GitHub/Smart-File-Organizer/Test/.DS_Store (1)
2026-03-03 12:28:14,385 | INFO | MOVED | /Users/lampis/Documents/GitHub/Smart-File-Organizer/Test/Documents/test.rtf -> /Users/lampis/Documents/GitHub/Smart-File-Organizer/Test/test.rtf
2026-03-03 12:28:14,386 | INFO | MOVED | /Users/lampis/Documents/GitHub/Smart-File-Organizer/Test/Documents/test.txt -> /Users/lampis/Documents/GitHub/Smart-File-Organizer/Test/test.txt
2026-03-03 12:28:14,386 | INFO | MOVED | /Users/lampis/Documents/GitHub/Smart-File-Organizer/Test/Audio/test (1).mp3 -> /Users/lampis/Documents/GitHub/Smart-File-Organizer/Test/test (1).mp3
2026-03-03 12:28:14,387 | INFO | MOVED | /Users/lampis/Documents/GitHub/Smart-File-Organizer/Test/Documents/test.pdf -> /Users/lampis/Documents/GitHub/Smart-File-Organizer/Test/test.pdf
2026-03-03 12:28:14,387 | INFO | MOVED | /Users/lampis/Documents/GitHub/Smart-File-Organizer/Test/Audio/test.mp3 -> /Users/lampis/Documents/GitHub/Smart-File-Organizer/Test/test.mp3
2026-03-03 12:28:14,387 | INFO | MOVED | /Users/lampis/Documents/GitHub/Smart-File-Organizer/Test/Other/.DS_Store (11) -> /Users/lampis/Documents/GitHub/Smart-File-Organizer/Test/.DS_Store
2026-03-03 12:28:14,388 | INFO | MOVED | /Users/lampis/Documents/GitHub/Smart-File-Organizer/Test/Images/view.jpeg -> /Users/lampis/Documents/GitHub/Smart-File-Organizer/Test/view.jpeg
2026-03-03 12:28:14,388 | INFO | MOVED | /Users/lampis/Documents/GitHub/Smart-File-Organizer/Test/Documents/test.docx -> /Users/lampis/Documents/GitHub/Smart-File-Organizer/Test/test.docx
2026-03-03 12:28:14,389 | INFO | MOVED | /Users/lampis/Documents/GitHub/Smart-File-Organizer/Test/Images/test.gif -> /Users/lampis/Documents/GitHub/Smart-File-Organizer/Test/test.gif
2026-03-03 12:28:19,005 | INFO | MOVED | /Users/lampis/Documents/GitHub/Smart-File-Organizer/Test/test.gif -> /Users/lampis/Documents/GitHub/Smart-File-Organizer/Test/Images/test.gif
2026-03-03 12:28:19,008 | INFO | MOVED | /Users/lampis/Documents/GitHub/Smart-File-Organizer/Test/test.docx -> /Users/lampis/Documents/GitHub/Smart-File-Organizer/Test/Documents/test.docx
2026-03-03 12:28:19,009 | INFO | MOVED | /Users/lampis/Documents/GitHub/Smart-File-Organizer/Test/view.jpeg -> /Users/lampis/Documents/GitHub/Smart-File-Organizer/Test/Images/view.jpeg
2026-03-03 12:28:19,010 | INFO | MOVED | /Users/lampis/Documents/GitHub/Smart-File-Organizer/Test/.DS_Store -> /Users/lampis/Documents/GitHub/Smart-File-Organizer/Test/Other/.DS_Store (11)
2026-03-03 12:28:19,011 | INFO | MOVED | /Users/lampis/Documents/GitHub/Smart-File-Organizer/Test/test.mp3 -> /Users/lampis/Documents/GitHub/Smart-File-Organizer/Test/Audio/test.mp3
2026-03-03 12:28:19,012 | INFO | MOVED | /Users/lampis/Documents/GitHub/Smart-File-Organizer/Test/test.pdf -> /Users/lampis/Documents/GitHub/Smart-File-Organizer/Test/Documents/test.pdf
2026-03-03 12:28:19,013 | INFO | MOVED | /Users/lampis/Documents/GitHub/Smart-File-Organizer/Test/test (1).mp3 -> /Users/lampis/Documents/GitHub/Smart-File-Organizer/Test/Audio/test (1).mp3
2026-03-03 12:28:19,013 | INFO | MOVED | /Users/lampis/Documents/GitHub/Smart-File-Organizer/Test/test.txt -> /Users/lampis/Documents/GitHub/Smart-File-Organizer/Test/Documents/test.txt
2026-03-03 12:28:19,014 | INFO | MOVED | /Users/lampis/Documents/GitHub/Smart-File-Organizer/Test/test.rtf -> /Users/lampis/Documents/GitHub/Smart-File-Organizer/Test/Documents/test.rtf
2026-03-03 12:28:19,015 | INFO | MOVED | /Users/lampis/Documents/GitHub/Smart-File-Organizer/Test/.DS_Store (1) -> /Users/lampis/Documents/GitHub/Smart-File-Organizer/Test/Other/.DS_Store (1) (2)
2026-03-03 12:28:30,287 | INFO | MOVED | /Users/lampis/Documents/GitHub/Smart-File-Organizer/Test/Other/.DS_Store (1) (2) -> /Users/lampis/Documents/GitHub/Smart-File-Organizer/Test/.DS_Store (1)
2026-03-03 12:28:31,869 | INFO | MOVED | /Users/lampis/Documents/GitHub/Smart-File-Organizer/Test/Documents/test.rtf -> /Users/lampis/Documents/GitHub/Smart-File-Organizer/Test/test.rtf
2026-03-03 12:28:31,870 | INFO | MOVED | /Users/lampis/Documents/GitHub/Smart-File-Organizer/Test/Documents/test.txt -> /Users/lampis/Documents/GitHub/Smart-File-Organizer/Test/test.txt
2026-03-03 12:28:31,871 | INFO | MOVED | /Users/lampis/Documents/GitHub/Smart-File-Organizer/Test/Audio/test (1).mp3 -> /Users/lampis/Documents/GitHub/Smart-File-Organizer/Test/test (1).mp3
2026-03-03 12:28:31,872 | INFO | MOVED | /Users/lampis/Documents/GitHub/Smart-File-Organizer/Test/Documents/test.pdf -> /Users/lampis/Documents/GitHub/Smart-File-Organizer/Test/test.pdf
2026-03-03 12:28:31,873 | INFO | MOVED | /Users/lampis/Documents/GitHub/Smart-File-Organizer/Test/Audio/test.mp3 -> /Users/lampis/Documents/GitHub/Smart-File-Organizer/Test/test.mp3
2026-03-03 12:28:31,874 | INFO | MOVED | /Users/lampis/Documents/GitHub/Smart-File-Organizer/Test/Other/.DS_Store (11) -> /Users/lampis/Documents/GitHub/Smart-File-Organizer/Test/.DS_Store
2026-03-03 12:28:31,875 | INFO | MOVED | /Users/lampis/Documents/GitHub/Smart-File-Organizer/Test/Images/view.jpeg -> /Users/lampis/Documents/GitHub/Smart-File-Organizer/Test/view.jpeg
2026-03-03 12:28:31,876 | INFO | MOVED | /Users/lampis/Documents/GitHub/Smart-File-Organizer/Test/Documents/test.docx -> /Users/lampis/Documents/GitHub/Smart-File-Organizer/Test/test.docx
2026-03-03 12:28:31,876 | INFO | MOVED | /Users/lampis/Documents/GitHub/Smart-File-Organizer/Test/Images/test.gif -> /Users/lampis/Documents/GitHub/Smart-File-Organizer/Test/test.gif
2026-03-03 12:28:34,502 | INFO | MOVED | /Users/lampis/Documents/GitHub/Smart-File-Organizer/Test/test.gif -> /Users/lampis/Documents/GitHub/Smart-File-Organizer/Test/Images/test.gif
2026-03-03 12:28:34,504 | INFO | MOVED | /Users/lampis/Documents/GitHub/Smart-File-Organizer/Test/test.docx -> /Users/lampis/Documents/GitHub/Smart-File-Organizer/Test/Documents/test.docx
2026-03-03 12:28:34,505 | INFO | MOVED | /Users/lampis/Documents/GitHub/Smart-File-Organizer/Test/view.jpeg -> /Users/lampis/Documents/GitHub/Smart-File-Organizer/Test/Images/view.jpeg
2026-03-03 12:28:34,505 | INFO | MOVED | /Users/lampis/Documents/GitHub/Smart-File-Organizer/Test/.DS_Store -> /Users/lampis/Documents/GitHub/Smart-File-Organizer/Test/Other/.DS_Store (11)
2026-03-03 12:28:34,506 | INFO | MOVED | /Users/lampis/Documents/GitHub/Smart-File-Organizer/Test/test.mp3 -> /Users/lampis/Documents/GitHub/Smart-File-Organizer/Test/Audio/test.mp3
2026-03-03 12:28:34,507 | INFO | MOVED | /Users/lampis/Documents/GitHub/Smart-File-Organizer/Test/test.pdf -> /Users/lampis/Documents/GitHub/Smart-File-Organizer/Test/Documents/test.pdf
2026-03-03 12:28:34,507 | INFO | MOVED | /Users/lampis/Documents/GitHub/Smart-File-Organizer/Test/test (1).mp3 -> /Users/lampis/Documents/GitHub/Smart-File-Organizer/Test/Audio/test (1).mp3
2026-03-03 12:28:34,508 | INFO | MOVED | /Users/lampis/Documents/GitHub/Smart-File-Organizer/Test/test.txt -> /Users/lampis/Documents/GitHub/Smart-File-Organizer/Test/Documents/test.txt
2026-03-03 12:28:34,509 | INFO | MOVED | /Users/lampis/Documents/GitHub/Smart-File-Organizer/Test/test.rtf -> /Users/lampis/Documents/GitHub/Smart-File-Organizer/Test/Documents/test.rtf
2026-03-03 12:28:34,509 | INFO | MOVED | /Users/lampis/Documents/GitHub/Smart-File-Organizer/Test/.DS_Store (1) -> /Users/lampis/Documents/GitHub/Smart-File-Organizer/Test/Other/.DS_Store (1) (2)
2026-03-03 12:28:38,603 | INFO | SKIPPED | /Users/lampis/Documents/GitHub/Smart-File-Organizer/Test/Video/test.mp4 | reason=inside_category_folder
2026-03-03 12:28:38,603 | INFO | SKIPPED | /Users/lampis/Documents/GitHub/Smart-File-Organizer/Test/Images/test.gif | reason=inside_category_folder
2026-03-03 12:28:38,604 | INFO | SKIPPED | /Users/lampis/Documents/GitHub/Smart-File-Organizer/Test/Images/view.jpeg | reason=inside_category_folder
2026-03-03 12:28:38,604 | INFO | SKIPPED | /Users/lampis/Documents/GitHub/Smart-File-Organizer/Test/Spreadsheets/test.csv | reason=inside_category_folder
2026-03-03 12:28:38,604 | INFO | SKIPPED | /Users/lampis/Documents/GitHub/Smart-File-Organizer/Test/Other/.DS_Store (1) (1) | reason=already_in_destination
2026-03-03 12:28:38,605 | INFO | SKIPPED | /Users/lampis/Documents/GitHub/Smart-File-Organizer/Test/Other/.DS_Store (1) (2) | reason=already_in_destination
2026-03-03 12:28:38,605 | INFO | SKIPPED | /Users/lampis/Documents/GitHub/Smart-File-Organizer/Test/Other/.DS_Store (9) | reason=already_in_destination
2026-03-03 12:28:38,606 | INFO | SKIPPED | /Users/lampis/Documents/GitHub/Smart-File-Organizer/Test/Other/.DS_Store | reason=already_in_destination
2026-03-03 12:28:38,606 | INFO | SKIPPED | /Users/lampis/Documents/GitHub/Smart-File-Organizer/Test/Other/.DS_Store (3) | reason=already_in_destination
2026-03-03 12:28:38,606 | INFO | SKIPPED | /Users/lampis/Documents/GitHub/Smart-File-Organizer/Test/Other/.DS_Store (4) | reason=already_in_destination
2026-03-03 12:28:38,606 | INFO | SKIPPED | /Users/lampis/Documents/GitHub/Smart-File-Organizer/Test/Other/.DS_Store (7) | reason=already_in_destination
2026-03-03 12:28:38,607 | INFO | SKIPPED | /Users/lampis/Documents/GitHub/Smart-File-Organizer/Test/Other/.DS_Store (11) | reason=already_in_destination
2026-03-03 12:28:38,607 | INFO | SKIPPED | /Users/lampis/Documents/GitHub/Smart-File-Organizer/Test/Other/.DS_Store (10) | reason=already_in_destination
2026-03-03 12:28:38,607 | INFO | SKIPPED | /Users/lampis/Documents/GitHub/Smart-File-Organizer/Test/Other/.DS_Store (6) | reason=already_in_destination
2026-03-03 12:28:38,607 | INFO | SKIPPED | /Users/lampis/Documents/GitHub/Smart-File-Organizer/Test/Other/.DS_Store (5) | reason=already_in_destination
2026-03-03 12:28:38,607 | INFO | SKIPPED | /Users/lampis/Documents/GitHub/Smart-File-Organizer/Test/Other/.DS_Store (1) | reason=already_in_destination
2026-03-03 12:28:38,607 | INFO | SKIPPED | /Users/lampis/Documents/GitHub/Smart-File-Organizer/Test/Other/.DS_Store (8) | reason=already_in_destination
2026-03-03 12:28:38,607 | INFO | SKIPPED | /Users/lampis/Documents/GitHub/Smart-File-Organizer/Test/Other/.DS_Store (2) | reason=already_in_destination
2026-03-03 12:28:38,608 | INFO | SKIPPED | /Users/lampis/Documents/GitHub/Smart-File-Organizer/Test/Audio/test.mp3 | reason=inside_category_folder
2026-03-03 12:28:38,608 | INFO | SKIPPED | /Users/lampis/Documents/GitHub/Smart-File-Organizer/Test/Audio/test (1).mp3 | reason=inside_category_folder
2026-03-03 12:28:38,608 | INFO | SKIPPED | /Users/lampis/Documents/GitHub/Smart-File-Organizer/Test/Presentations/test.ppt | reason=inside_category_folder
2026-03-03 12:28:38,608 | INFO | SKIPPED | /Users/lampis/Documents/GitHub/Smart-File-Organizer/Test/Documents/test.docx | reason=inside_category_folder
2026-03-03 12:28:38,608 | INFO | SKIPPED | /Users/lampis/Documents/GitHub/Smart-File-Organizer/Test/Documents/test.pdf | reason=inside_category_folder
2026-03-03 12:28:38,608 | INFO | SKIPPED | /Users/lampis/Documents/GitHub/Smart-File-Organizer/Test/Documents/test.txt | reason=inside_category_folder
2026-03-03 12:28:38,608 | INFO | SKIPPED | /Users/lampis/Documents/GitHub/Smart-File-Organizer/Test/Documents/test.rtf | reason=inside_category_folder
2026-03-03 12:28:41,386 | INFO | MOVED | /Users/lampis/Documents/GitHub/Smart-File-Organizer/Test/Other/.DS_Store (1) (2) -> /Users/lampis/Documents/GitHub/Smart-File-Organizer/Test/.DS_Store (1)
2026-03-03 12:28:42,234 | INFO | MOVED | /Users/lampis/Documents/GitHub/Smart-File-Organizer/Test/Documents/test.rtf -> /Users/lampis/Documents/GitHub/Smart-File-Organizer/Test/test.rtf
2026-03-03 12:28:42,235 | INFO | MOVED | /Users/lampis/Documents/GitHub/Smart-File-Organizer/Test/Documents/test.txt -> /Users/lampis/Documents/GitHub/Smart-File-Organizer/Test/test.txt
2026-03-03 12:28:42,236 | INFO | MOVED | /Users/lampis/Documents/GitHub/Smart-File-Organizer/Test/Audio/test (1).mp3 -> /Users/lampis/Documents/GitHub/Smart-File-Organizer/Test/test (1).mp3
2026-03-03 12:28:42,237 | INFO | MOVED | /Users/lampis/Documents/GitHub/Smart-File-Organizer/Test/Documents/test.pdf -> /Users/lampis/Documents/GitHub/Smart-File-Organizer/Test/test.pdf
2026-03-03 12:28:42,237 | INFO | MOVED | /Users/lampis/Documents/GitHub/Smart-File-Organizer/Test/Audio/test.mp3 -> /Users/lampis/Documents/GitHub/Smart-File-Organizer/Test/test.mp3
2026-03-03 12:28:42,238 | INFO | MOVED | /Users/lampis/Documents/GitHub/Smart-File-Organizer/Test/Other/.DS_Store (11) -> /Users/lampis/Documents/GitHub/Smart-File-Organizer/Test/.DS_Store
2026-03-03 12:28:42,239 | INFO | MOVED | /Users/lampis/Documents/GitHub/Smart-File-Organizer/Test/Images/view.jpeg -> /Users/lampis/Documents/GitHub/Smart-File-Organizer/Test/view.jpeg
2026-03-03 12:28:42,240 | INFO | MOVED | /Users/lampis/Documents/GitHub/Smart-File-Organizer/Test/Documents/test.docx -> /Users/lampis/Documents/GitHub/Smart-File-Organizer/Test/test.docx
2026-03-03 12:28:42,240 | INFO | MOVED | /Users/lampis/Documents/GitHub/Smart-File-Organizer/Test/Images/test.gif -> /Users/lampis/Documents/GitHub/Smart-File-Organizer/Test/test.gif
2026-03-03 12:34:21,919 | INFO | MOVED | /Users/lampis/Documents/GitHub/Smart-File-Organizer/Test/test.gif -> /Users/lampis/Documents/GitHub/Smart-File-Organizer/Test/Images/test.gif
2026-03-03 12:34:21,925 | INFO | MOVED | /Users/lampis/Documents/GitHub/Smart-File-Organizer/Test/test.docx -> /Users/lampis/Documents/GitHub/Smart-File-Organizer/Test/Documents/test.docx
2026-03-03 12:34:21,927 | INFO | MOVED | /Users/lampis/Documents/GitHub/Smart-File-Organizer/Test/view.jpeg -> /Users/lampis/Documents/GitHub/Smart-File-Organizer/Test/Images/view.jpeg
2026-03-03 12:34:21,930 | INFO | MOVED | /Users/lampis/Documents/GitHub/Smart-File-Organizer/Test/.DS_Store -> /Users/lampis/Documents/GitHub/Smart-File-Organizer/Test/Other/.DS_Store (11)
2026-03-03 12:34:21,931 | INFO | MOVED | /Users/lampis/Documents/GitHub/Smart-File-Organizer/Test/test.mp3 -> /Users/lampis/Documents/GitHub/Smart-File-Organizer/Test/Audio/test.mp3
2026-03-03 12:34:21,932 | INFO | MOVED | /Users/lampis/Documents/GitHub/Smart-File-Organizer/Test/test.pdf -> /Users/lampis/Documents/GitHub/Smart-File-Organizer/Test/Documents/test.pdf
2026-03-03 12:34:21,934 | INFO | MOVED | /Users/lampis/Documents/GitHub/Smart-File-Organizer/Test/test (1).mp3 -> /Users/lampis/Documents/GitHub/Smart-File-Organizer/Test/Audio/test (1).mp3
2026-03-03 12:34:21,935 | INFO | MOVED | /Users/lampis/Documents/GitHub/Smart-File-Organizer/Test/test.txt -> /Users/lampis/Documents/GitHub/Smart-File-Organizer/Test/Documents/test.txt
2026-03-03 12:34:21,936 | INFO | MOVED | /Users/lampis/Documents/GitHub/Smart-File-Organizer/Test/test.rtf -> /Users/lampis/Documents/GitHub/Smart-File-Organizer/Test/Documents/test.rtf
2026-03-03 12:34:21,937 | INFO | MOVED | /Users/lampis/Documents/GitHub/Smart-File-Organizer/Test/.DS_Store (1) -> /Users/lampis/Documents/GitHub/Smart-File-Organizer/Test/Other/.DS_Store (1) (2)
2026-03-03 12:34:24,244 | INFO | MOVED | /Users/lampis/Documents/GitHub/Smart-File-Organizer/Test/Other/.DS_Store (1) (2) -> /Users/lampis/Documents/GitHub/Smart-File-Organizer/Test/.DS_Store (1)
2026-03-03 12:34:25,249 | INFO | MOVED | /Users/lampis/Documents/GitHub/Smart-File-Organizer/Test/Documents/test.rtf -> /Users/lampis/Documents/GitHub/Smart-File-Organizer/Test/test.rtf
2026-03-03 12:34:26,580 | INFO | MOVED | /Users/lampis/Documents/GitHub/Smart-File-Organizer/Test/Documents/test.txt -> /Users/lampis/Documents/GitHub/Smart-File-Organizer/Test/test.txt
2026-03-03 12:34:26,581 | INFO | MOVED | /Users/lampis/Documents/GitHub/Smart-File-Organizer/Test/Audio/test (1).mp3 -> /Users/lampis/Documents/GitHub/Smart-File-Organizer/Test/test (1).mp3
2026-03-03 12:34:26,582 | INFO | MOVED | /Users/lampis/Documents/GitHub/Smart-File-Organizer/Test/Documents/test.pdf -> /Users/lampis/Documents/GitHub/Smart-File-Organizer/Test/test.pdf
2026-03-03 12:34:26,583 | INFO | MOVED | /Users/lampis/Documents/GitHub/Smart-File-Organizer/Test/Audio/test.mp3 -> /Users/lampis/Documents/GitHub/Smart-File-Organizer/Test/test.mp3
2026-03-03 12:34:26,584 | INFO | MOVED | /Users/lampis/Documents/GitHub/Smart-File-Organizer/Test/Other/.DS_Store (11) -> /Users/lampis/Documents/GitHub/Smart-File-Organizer/Test/.DS_Store
2026-03-03 12:34:26,584 | INFO | MOVED | /Users/lampis/Documents/GitHub/Smart-File-Organizer/Test/Images/view.jpeg -> /Users/lampis/Documents/GitHub/Smart-File-Organizer/Test/view.jpeg
2026-03-03 12:34:26,585 | INFO | MOVED | /Users/lampis/Documents/GitHub/Smart-File-Organizer/Test/Documents/test.docx -> /Users/lampis/Documents/GitHub/Smart-File-Organizer/Test/test.docx
2026-03-03 12:34:26,585 | INFO | MOVED | /Users/lampis/Documents/GitHub/Smart-File-Organizer/Test/Images/test.gif -> /Users/lampis/Documents/GitHub/Smart-File-Organizer/Test/test.gif
2026-03-03 12:43:44,896 | INFO | MOVED | /Users/lampis/Documents/GitHub/Smart-File-Organizer/Test/test.gif -> /Users/lampis/Documents/GitHub/Smart-File-Organizer/Test/Images/test.gif
2026-03-03 12:43:44,900 | INFO | MOVED | /Users/lampis/Documents/GitHub/Smart-File-Organizer/Test/test.docx -> /Users/lampis/Documents/GitHub/Smart-File-Organizer/Test/Documents/test.docx
2026-03-03 12:43:44,901 | INFO | MOVED | /Users/lampis/Documents/GitHub/Smart-File-Organizer/Test/view.jpeg -> /Users/lampis/Documents/GitHub/Smart-File-Organizer/Test/Images/view.jpeg
2026-03-03 12:43:44,902 | INFO | MOVED | /Users/lampis/Documents/GitHub/Smart-File-Organizer/Test/.DS_Store -> /Users/lampis/Documents/GitHub/Smart-File-Organizer/Test/Other/.DS_Store (11)
2026-03-03 12:43:44,902 | INFO | MOVED | /Users/lampis/Documents/GitHub/Smart-File-Organizer/Test/test.mp3 -> /Users/lampis/Documents/GitHub/Smart-File-Organizer/Test/Audio/test.mp3
2026-03-03 12:43:44,903 | INFO | MOVED | /Users/lampis/Documents/GitHub/Smart-File-Organizer/Test/test.pdf -> /Users/lampis/Documents/GitHub/Smart-File-Organizer/Test/Documents/test.pdf
2026-03-03 12:43:44,903 | INFO | MOVED | /Users/lampis/Documents/GitHub/Smart-File-Organizer/Test/test (1).mp3 -> /Users/lampis/Documents/GitHub/Smart-File-Organizer/Test/Audio/test (1).mp3
2026-03-03 12:43:44,904 | INFO | MOVED | /Users/lampis/Documents/GitHub/Smart-File-Organizer/Test/test.txt -> /Users/lampis/Documents/GitHub/Smart-File-Organizer/Test/Documents/test.txt
2026-03-03 12:43:44,904 | INFO | MOVED | /Users/lampis/Documents/GitHub/Smart-File-Organizer/Test/test.rtf -> /Users/lampis/Documents/GitHub/Smart-File-Organizer/Test/Documents/test.rtf
2026-03-03 12:43:44,905 | INFO | MOVED | /Users/lampis/Documents/GitHub/Smart-File-Organizer/Test/.DS_Store (1) -> /Users/lampis/Documents/GitHub/Smart-File-Organizer/Test/Other/.DS_Store (1) (2)
2026-03-03 12:43:47,842 | INFO | MOVED | /Users/lampis/Documents/GitHub/Smart-File-Organizer/Test/Other/.DS_Store (1) (2) -> /Users/lampis/Documents/GitHub/Smart-File-Organizer/Test/.DS_Store (1)
2026-03-03 12:43:49,075 | INFO | MOVED | /Users/lampis/Documents/GitHub/Smart-File-Organizer/Test/Documents/test.rtf -> /Users/lampis/Documents/GitHub/Smart-File-Organizer/Test/test.rtf
2026-03-03 12:43:49,076 | INFO | MOVED | /Users/lampis/Documents/GitHub/Smart-File-Organizer/Test/Documents/test.txt -> /Users/lampis/Documents/GitHub/Smart-File-Organizer/Test/test.txt
2026-03-03 12:43:49,079 | INFO | MOVED | /Users/lampis/Documents/GitHub/Smart-File-Organizer/Test/Audio/test (1).mp3 -> /Users/lampis/Documents/GitHub/Smart-File-Organizer/Test/test (1).mp3
2026-03-03 12:43:49,080 | INFO | MOVED | /Users/lampis/Documents/GitHub/Smart-File-Organizer/Test/Documents/test.pdf -> /Users/lampis/Documents/GitHub/Smart-File-Organizer/Test/test.pdf
2026-03-03 12:43:49,081 | INFO | MOVED | /Users/lampis/Documents/GitHub/Smart-File-Organizer/Test/Audio/test.mp3 -> /Users/lampis/Documents/GitHub/Smart-File-Organizer/Test/test.mp3
2026-03-03 12:43:49,082 | INFO | MOVED | /Users/lampis/Documents/GitHub/Smart-File-Organizer/Test/Other/.DS_Store (11) -> /Users/lampis/Documents/GitHub/Smart-File-Organizer/Test/.DS_Store
2026-03-03 12:43:49,082 | INFO | MOVED | /Users/lampis/Documents/GitHub/Smart-File-Organizer/Test/Images/view.jpeg -> /Users/lampis/Documents/GitHub/Smart-File-Organizer/Test/view.jpeg
2026-03-03 12:43:49,083 | INFO | MOVED | /Users/lampis/Documents/GitHub/Smart-File-Organizer/Test/Documents/test.docx -> /Users/lampis/Documents/GitHub/Smart-File-Organizer/Test/test.docx
2026-03-03 12:43:49,083 | INFO | MOVED | /Users/lampis/Documents/GitHub/Smart-File-Organizer/Test/Images/test.gif -> /Users/lampis/Documents/GitHub/Smart-File-Organizer/Test/test.gif
